{
  "stats": {
    "suites": 3,
    "tests": 6,
    "passes": 5,
    "pending": 0,
    "failures": 1,
    "start": "2025-03-08T10:01:21.774Z",
    "end": "2025-03-08T10:01:40.975Z",
    "duration": 19201,
    "testsRegistered": 6,
    "passPercent": 83.33333333333334,
    "pendingPercent": 0,
    "other": 0,
    "hasOther": false,
    "skipped": 0,
    "hasSkipped": false
  },
  "results": [
    {
      "uuid": "2e254ed6-f20c-44f4-8c9e-6fd98ecdf4aa",
      "title": "",
      "fullFile": "",
      "file": "",
      "beforeHooks": [
        {
          "title": "\"before each\" hook in \"{root}\"",
          "fullTitle": "\"before each\" hook in \"{root}\"",
          "timedOut": false,
          "duration": 1849,
          "state": null,
          "speed": null,
          "pass": false,
          "fail": false,
          "pending": false,
          "context": null,
          "code": "loginPage = new LoginPage();\nawait loginPage.open();",
          "err": {},
          "uuid": "788e6545-8261-47c7-ad0d-27c155612a9b",
          "parentUUID": "2e254ed6-f20c-44f4-8c9e-6fd98ecdf4aa",
          "isHook": true,
          "skipped": false
        }
      ],
      "afterHooks": [
        {
          "title": "\"after each\" hook in \"{root}\"",
          "fullTitle": "\"after each\" hook in \"{root}\"",
          "timedOut": false,
          "duration": 199,
          "state": null,
          "speed": null,
          "pass": false,
          "fail": false,
          "pending": false,
          "context": null,
          "code": "await handleTestFailure.call(this, this.currentTest, loginPage.driver);\nawait loginPage.close();",
          "err": {},
          "uuid": "b12b4745-00bd-4fe4-9fec-a302b5ae798c",
          "parentUUID": "2e254ed6-f20c-44f4-8c9e-6fd98ecdf4aa",
          "isHook": true,
          "skipped": false
        }
      ],
      "tests": [],
      "suites": [
        {
          "uuid": "05530d62-bfcd-4165-b1ef-0ded9d6676b4",
          "title": "Login Positive Cases",
          "fullFile": "/Users/andy/Documents/Folkatech/test/login.test.js",
          "file": "/test/login.test.js",
          "beforeHooks": [],
          "afterHooks": [],
          "tests": [
            {
              "title": "Successfully login as an Admin",
              "fullTitle": "Login Positive Cases Successfully login as an Admin",
              "timedOut": false,
              "duration": 1191,
              "state": "passed",
              "speed": "slow",
              "pass": true,
              "fail": false,
              "pending": false,
              "context": null,
              "code": "await loginPage.enterUsername('user1@gmail.com');\nawait loginPage.enterPassword('password');\nawait loginPage.clickLogin();\nconst currentUrl = await loginPage.driver.getCurrentUrl();\nexpect(currentUrl).to.contains('/admin/')",
              "err": {},
              "uuid": "a6c4c469-8f69-428e-8fef-1eaf7ea6f82a",
              "parentUUID": "05530d62-bfcd-4165-b1ef-0ded9d6676b4",
              "isHook": false,
              "skipped": false
            },
            {
              "title": "Successfully login as an Agent",
              "fullTitle": "Login Positive Cases Successfully login as an Agent",
              "timedOut": false,
              "duration": 1358,
              "state": "passed",
              "speed": "slow",
              "pass": true,
              "fail": false,
              "pending": false,
              "context": null,
              "code": "await loginPage.enterUsername('user3@gmail.com');\nawait loginPage.enterPassword('password');\nawait loginPage.clickLogin();\nconst currentUrl = await loginPage.driver.getCurrentUrl();\nexpect(currentUrl).to.contains('/agent/')",
              "err": {},
              "uuid": "aae91c2a-5190-4724-827e-bf8dbe9c50ec",
              "parentUUID": "05530d62-bfcd-4165-b1ef-0ded9d6676b4",
              "isHook": false,
              "skipped": false
            },
            {
              "title": "Successfully login as a Supervisor",
              "fullTitle": "Login Positive Cases Successfully login as a Supervisor",
              "timedOut": false,
              "duration": 1377,
              "state": "passed",
              "speed": "slow",
              "pass": true,
              "fail": false,
              "pending": false,
              "context": null,
              "code": "await loginPage.enterUsername('user4@gmail.com');\nawait loginPage.enterPassword('password');\nawait loginPage.clickLogin();\nconst currentUrl = await loginPage.driver.getCurrentUrl();\nexpect(currentUrl).to.contains('/spv/')",
              "err": {},
              "uuid": "a71aac23-e182-4443-8b5e-51bc869759df",
              "parentUUID": "05530d62-bfcd-4165-b1ef-0ded9d6676b4",
              "isHook": false,
              "skipped": false
            }
          ],
          "suites": [],
          "passes": [
            "a6c4c469-8f69-428e-8fef-1eaf7ea6f82a",
            "aae91c2a-5190-4724-827e-bf8dbe9c50ec",
            "a71aac23-e182-4443-8b5e-51bc869759df"
          ],
          "failures": [],
          "pending": [],
          "skipped": [],
          "duration": 3926,
          "root": false,
          "rootEmpty": false,
          "_timeout": 30000
        },
        {
          "uuid": "14c84fc0-35b7-4705-9c2e-6543a02d4128",
          "title": "Login Negative Cases",
          "fullFile": "/Users/andy/Documents/Folkatech/test/login.test.js",
          "file": "/test/login.test.js",
          "beforeHooks": [],
          "afterHooks": [],
          "tests": [
            {
              "title": "Attempt to login without entering an email",
              "fullTitle": "Login Negative Cases Attempt to login without entering an email",
              "timedOut": false,
              "duration": 1189,
              "state": "passed",
              "speed": "slow",
              "pass": true,
              "fail": false,
              "pending": false,
              "context": null,
              "code": "await loginPage.enterUsername('admin@example.com');\nawait loginPage.clickLogin();\nconst alertText = await loginPage.validateAlertMessage();\nexpect(alertText).to.equal('Kata Sandi harus diisi.');",
              "err": {},
              "uuid": "0d6eff58-ff8b-4ce6-b0ec-67ada1fba015",
              "parentUUID": "14c84fc0-35b7-4705-9c2e-6543a02d4128",
              "isHook": false,
              "skipped": false
            },
            {
              "title": "Attempt to login without entering a password",
              "fullTitle": "Login Negative Cases Attempt to login without entering a password",
              "timedOut": false,
              "duration": 1189,
              "state": "passed",
              "speed": "slow",
              "pass": true,
              "fail": false,
              "pending": false,
              "context": null,
              "code": "await loginPage.enterPassword('password');\nawait loginPage.clickLogin();\nconst alertText = await loginPage.validateAlertMessage();\nexpect(alertText).to.equal('Email harus diisi.');",
              "err": {},
              "uuid": "d78e1d62-c66b-495e-a820-801cf5c31e82",
              "parentUUID": "14c84fc0-35b7-4705-9c2e-6543a02d4128",
              "isHook": false,
              "skipped": false
            }
          ],
          "suites": [],
          "passes": [
            "0d6eff58-ff8b-4ce6-b0ec-67ada1fba015",
            "d78e1d62-c66b-495e-a820-801cf5c31e82"
          ],
          "failures": [],
          "pending": [],
          "skipped": [],
          "duration": 2378,
          "root": false,
          "rootEmpty": false,
          "_timeout": 30000
        },
        {
          "uuid": "864a8147-a64f-49ba-b237-bf64fde00f08",
          "title": "Expected Login Failures",
          "fullFile": "/Users/andy/Documents/Folkatech/test/login.test.js",
          "file": "/test/login.test.js",
          "beforeHooks": [],
          "afterHooks": [],
          "tests": [
            {
              "title": "Attempt to login without entering both email and password",
              "fullTitle": "Expected Login Failures Attempt to login without entering both email and password",
              "timedOut": false,
              "duration": 1160,
              "state": "failed",
              "speed": null,
              "pass": false,
              "fail": true,
              "pending": false,
              "context": "{\n  \"title\": \"Screenshot\",\n  \"value\": \"./screenshots/44c88ea8-fc98-4a09-9f99-5662ddf3bb59.png\"\n}",
              "code": "await loginPage.enterUsername('');\nawait loginPage.enterPassword('');\nawait loginPage.clickLogin();\nconst alertText = await loginPage.validateAlertMessage();\nexpect(alertText).to.equal('x');",
              "err": {
                "message": "AssertionError: expected 'Email harus diisi.' to equal 'x'",
                "estack": "AssertionError: expected 'Email harus diisi.' to equal 'x'\n    at Context.<anonymous> (test/login.test.js:73:26)\n    at process.processTicksAndRejections (node:internal/process/task_queues:95:5)",
                "diff": "- Email harus diisi.\n+ x\n"
              },
              "uuid": "44c88ea8-fc98-4a09-9f99-5662ddf3bb59",
              "parentUUID": "864a8147-a64f-49ba-b237-bf64fde00f08",
              "isHook": false,
              "skipped": false
            }
          ],
          "suites": [],
          "passes": [],
          "failures": [
            "44c88ea8-fc98-4a09-9f99-5662ddf3bb59"
          ],
          "pending": [],
          "skipped": [],
          "duration": 1160,
          "root": false,
          "rootEmpty": false,
          "_timeout": 30000
        }
      ],
      "passes": [],
      "failures": [],
      "pending": [],
      "skipped": [],
      "duration": 0,
      "root": true,
      "rootEmpty": true,
      "_timeout": 30000
    }
  ],
  "meta": {
    "mocha": {
      "version": "11.1.0"
    },
    "mochawesome": {
      "options": {
        "quiet": false,
        "reportFilename": "mochawesome",
        "saveHtml": true,
        "saveJson": true,
        "consoleReporter": "spec",
        "useInlineDiffs": false,
        "code": true
      },
      "version": "7.1.3"
    },
    "marge": {
      "options": {
        "[object Object]": true
      },
      "version": "6.2.0"
    }
  }
}